CRITICAL - 2022-10-29 08:32:24 --> Unknown database 'ci4_barang'
#0 C:\Users\HP\Downloads\crud-basic-ci4-master\vendor\codeigniter4\framework\system\Database\BaseConnection.php(377): CodeIgniter\Database\MySQLi\Connection->connect(false)
#1 C:\Users\HP\Downloads\crud-basic-ci4-master\vendor\codeigniter4\framework\system\Database\BaseConnection.php(643): CodeIgniter\Database\BaseConnection->initialize()
#2 C:\Users\HP\Downloads\crud-basic-ci4-master\vendor\codeigniter4\framework\system\Database\BaseBuilder.php(1819): CodeIgniter\Database\BaseConnection->query('SELECT *\nFROM `...', Array, false)
#3 C:\Users\HP\Downloads\crud-basic-ci4-master\vendor\codeigniter4\framework\system\Model.php(445): CodeIgniter\Database\BaseBuilder->get()
#4 C:\Users\HP\Downloads\crud-basic-ci4-master\app\Models\Barang_model.php(12): CodeIgniter\Model->findAll()
#5 C:\Users\HP\Downloads\crud-basic-ci4-master\app\Controllers\Barang.php(12): App\Models\Barang_model->getBarang()
#6 C:\Users\HP\Downloads\crud-basic-ci4-master\vendor\codeigniter4\framework\system\CodeIgniter.php(910): App\Controllers\Barang->index()
#7 C:\Users\HP\Downloads\crud-basic-ci4-master\vendor\codeigniter4\framework\system\CodeIgniter.php(398): CodeIgniter\CodeIgniter->runController(Object(App\Controllers\Barang))
#8 C:\Users\HP\Downloads\crud-basic-ci4-master\vendor\codeigniter4\framework\system\CodeIgniter.php(306): CodeIgniter\CodeIgniter->handleRequest(NULL, Object(Config\Cache), false)
#9 C:\Users\HP\Downloads\crud-basic-ci4-master\public\index.php(45): CodeIgniter\CodeIgniter->run()
#10 C:\Users\HP\Downloads\crud-basic-ci4-master\vendor\codeigniter4\framework\system\Commands\Server\rewrite.php(34): require_once('C:\\Users\\HP\\Dow...')
#11 {main}
CRITICAL - 2022-10-29 08:51:50 --> Invalid file: Buku_view.php
#0 C:\Users\HP\Downloads\crud-basic-ci4-master\vendor\codeigniter4\framework\system\View\View.php(224): CodeIgniter\Exceptions\FrameworkException::forInvalidFile('Buku_view.php')
#1 C:\Users\HP\Downloads\crud-basic-ci4-master\vendor\codeigniter4\framework\system\Common.php(1071): CodeIgniter\View\View->render('Buku_view', Array, true)
#2 C:\Users\HP\Downloads\crud-basic-ci4-master\app\Controllers\Buku.php(14): view('Buku_view', Array)
#3 C:\Users\HP\Downloads\crud-basic-ci4-master\vendor\codeigniter4\framework\system\CodeIgniter.php(910): App\Controllers\Buku->index()
#4 C:\Users\HP\Downloads\crud-basic-ci4-master\vendor\codeigniter4\framework\system\CodeIgniter.php(398): CodeIgniter\CodeIgniter->runController(Object(App\Controllers\Buku))
#5 C:\Users\HP\Downloads\crud-basic-ci4-master\vendor\codeigniter4\framework\system\CodeIgniter.php(306): CodeIgniter\CodeIgniter->handleRequest(NULL, Object(Config\Cache), false)
#6 C:\Users\HP\Downloads\crud-basic-ci4-master\public\index.php(45): CodeIgniter\CodeIgniter->run()
#7 C:\Users\HP\Downloads\crud-basic-ci4-master\vendor\codeigniter4\framework\system\Commands\Server\rewrite.php(34): require_once('C:\\Users\\HP\\Dow...')
#8 {main}
CRITICAL - 2022-10-29 08:52:38 --> Undefined variable: getBarang
#0 C:\Users\HP\Downloads\crud-basic-ci4-master\app\Views\Buku_view.php(21): CodeIgniter\Debug\Exceptions->errorHandler(8, 'Undefined varia...', 'C:\\Users\\HP\\Dow...', 21, Array)
#1 C:\Users\HP\Downloads\crud-basic-ci4-master\vendor\codeigniter4\framework\system\View\View.php(236): include('C:\\Users\\HP\\Dow...')
#2 C:\Users\HP\Downloads\crud-basic-ci4-master\vendor\codeigniter4\framework\system\Common.php(1071): CodeIgniter\View\View->render('Buku_view', Array, true)
#3 C:\Users\HP\Downloads\crud-basic-ci4-master\app\Controllers\Buku.php(14): view('Buku_view', Array)
#4 C:\Users\HP\Downloads\crud-basic-ci4-master\vendor\codeigniter4\framework\system\CodeIgniter.php(910): App\Controllers\Buku->index()
#5 C:\Users\HP\Downloads\crud-basic-ci4-master\vendor\codeigniter4\framework\system\CodeIgniter.php(398): CodeIgniter\CodeIgniter->runController(Object(App\Controllers\Buku))
#6 C:\Users\HP\Downloads\crud-basic-ci4-master\vendor\codeigniter4\framework\system\CodeIgniter.php(306): CodeIgniter\CodeIgniter->handleRequest(NULL, Object(Config\Cache), false)
#7 C:\Users\HP\Downloads\crud-basic-ci4-master\public\index.php(45): CodeIgniter\CodeIgniter->run()
#8 C:\Users\HP\Downloads\crud-basic-ci4-master\vendor\codeigniter4\framework\system\Commands\Server\rewrite.php(34): require_once('C:\\Users\\HP\\Dow...')
#9 {main}
CRITICAL - 2022-10-29 09:03:49 --> Unknown column 'jenis' in 'field list'
#0 C:\Users\HP\Downloads\crud-basic-ci4-master\vendor\codeigniter4\framework\system\Database\MySQLi\Connection.php(330): mysqli->query('INSERT INTO `bu...')
#1 C:\Users\HP\Downloads\crud-basic-ci4-master\vendor\codeigniter4\framework\system\Database\BaseConnection.php(738): CodeIgniter\Database\MySQLi\Connection->execute('INSERT INTO `bu...')
#2 C:\Users\HP\Downloads\crud-basic-ci4-master\vendor\codeigniter4\framework\system\Database\BaseConnection.php(666): CodeIgniter\Database\BaseConnection->simpleQuery('INSERT INTO `bu...')
#3 C:\Users\HP\Downloads\crud-basic-ci4-master\vendor\codeigniter4\framework\system\Database\BaseBuilder.php(2206): CodeIgniter\Database\BaseConnection->query('INSERT INTO `bu...', Array, false)
#4 C:\Users\HP\Downloads\crud-basic-ci4-master\app\Models\Buku_model.php(21): CodeIgniter\Database\BaseBuilder->insert(Array)
#5 C:\Users\HP\Downloads\crud-basic-ci4-master\app\Controllers\Buku.php(36): App\Models\Buku_model->saveBuku(Array)
#6 C:\Users\HP\Downloads\crud-basic-ci4-master\vendor\codeigniter4\framework\system\CodeIgniter.php(910): App\Controllers\Buku->add()
#7 C:\Users\HP\Downloads\crud-basic-ci4-master\vendor\codeigniter4\framework\system\CodeIgniter.php(398): CodeIgniter\CodeIgniter->runController(Object(App\Controllers\Buku))
#8 C:\Users\HP\Downloads\crud-basic-ci4-master\vendor\codeigniter4\framework\system\CodeIgniter.php(306): CodeIgniter\CodeIgniter->handleRequest(NULL, Object(Config\Cache), false)
#9 C:\Users\HP\Downloads\crud-basic-ci4-master\public\index.php(45): CodeIgniter\CodeIgniter->run()
#10 C:\Users\HP\Downloads\crud-basic-ci4-master\vendor\codeigniter4\framework\system\Commands\Server\rewrite.php(34): require_once('C:\\Users\\HP\\Dow...')
#11 {main}
CRITICAL - 2022-10-29 09:04:24 --> Column 'jenis_buku' cannot be null
#0 C:\Users\HP\Downloads\crud-basic-ci4-master\vendor\codeigniter4\framework\system\Database\MySQLi\Connection.php(330): mysqli->query('INSERT INTO `bu...')
#1 C:\Users\HP\Downloads\crud-basic-ci4-master\vendor\codeigniter4\framework\system\Database\BaseConnection.php(738): CodeIgniter\Database\MySQLi\Connection->execute('INSERT INTO `bu...')
#2 C:\Users\HP\Downloads\crud-basic-ci4-master\vendor\codeigniter4\framework\system\Database\BaseConnection.php(666): CodeIgniter\Database\BaseConnection->simpleQuery('INSERT INTO `bu...')
#3 C:\Users\HP\Downloads\crud-basic-ci4-master\vendor\codeigniter4\framework\system\Database\BaseBuilder.php(2206): CodeIgniter\Database\BaseConnection->query('INSERT INTO `bu...', Array, false)
#4 C:\Users\HP\Downloads\crud-basic-ci4-master\app\Models\Buku_model.php(21): CodeIgniter\Database\BaseBuilder->insert(Array)
#5 C:\Users\HP\Downloads\crud-basic-ci4-master\app\Controllers\Buku.php(36): App\Models\Buku_model->saveBuku(Array)
#6 C:\Users\HP\Downloads\crud-basic-ci4-master\vendor\codeigniter4\framework\system\CodeIgniter.php(910): App\Controllers\Buku->add()
#7 C:\Users\HP\Downloads\crud-basic-ci4-master\vendor\codeigniter4\framework\system\CodeIgniter.php(398): CodeIgniter\CodeIgniter->runController(Object(App\Controllers\Buku))
#8 C:\Users\HP\Downloads\crud-basic-ci4-master\vendor\codeigniter4\framework\system\CodeIgniter.php(306): CodeIgniter\CodeIgniter->handleRequest(NULL, Object(Config\Cache), false)
#9 C:\Users\HP\Downloads\crud-basic-ci4-master\public\index.php(45): CodeIgniter\CodeIgniter->run()
#10 C:\Users\HP\Downloads\crud-basic-ci4-master\vendor\codeigniter4\framework\system\Commands\Server\rewrite.php(34): require_once('C:\\Users\\HP\\Dow...')
#11 {main}
CRITICAL - 2022-10-29 09:04:47 --> Column 'jenis_buku' cannot be null
#0 C:\Users\HP\Downloads\crud-basic-ci4-master\vendor\codeigniter4\framework\system\Database\MySQLi\Connection.php(330): mysqli->query('INSERT INTO `bu...')
#1 C:\Users\HP\Downloads\crud-basic-ci4-master\vendor\codeigniter4\framework\system\Database\BaseConnection.php(738): CodeIgniter\Database\MySQLi\Connection->execute('INSERT INTO `bu...')
#2 C:\Users\HP\Downloads\crud-basic-ci4-master\vendor\codeigniter4\framework\system\Database\BaseConnection.php(666): CodeIgniter\Database\BaseConnection->simpleQuery('INSERT INTO `bu...')
#3 C:\Users\HP\Downloads\crud-basic-ci4-master\vendor\codeigniter4\framework\system\Database\BaseBuilder.php(2206): CodeIgniter\Database\BaseConnection->query('INSERT INTO `bu...', Array, false)
#4 C:\Users\HP\Downloads\crud-basic-ci4-master\app\Models\Buku_model.php(21): CodeIgniter\Database\BaseBuilder->insert(Array)
#5 C:\Users\HP\Downloads\crud-basic-ci4-master\app\Controllers\Buku.php(36): App\Models\Buku_model->saveBuku(Array)
#6 C:\Users\HP\Downloads\crud-basic-ci4-master\vendor\codeigniter4\framework\system\CodeIgniter.php(910): App\Controllers\Buku->add()
#7 C:\Users\HP\Downloads\crud-basic-ci4-master\vendor\codeigniter4\framework\system\CodeIgniter.php(398): CodeIgniter\CodeIgniter->runController(Object(App\Controllers\Buku))
#8 C:\Users\HP\Downloads\crud-basic-ci4-master\vendor\codeigniter4\framework\system\CodeIgniter.php(306): CodeIgniter\CodeIgniter->handleRequest(NULL, Object(Config\Cache), false)
#9 C:\Users\HP\Downloads\crud-basic-ci4-master\public\index.php(45): CodeIgniter\CodeIgniter->run()
#10 C:\Users\HP\Downloads\crud-basic-ci4-master\vendor\codeigniter4\framework\system\Commands\Server\rewrite.php(34): require_once('C:\\Users\\HP\\Dow...')
#11 {main}
CRITICAL - 2022-10-29 09:05:10 --> Column 'cover' cannot be null
#0 C:\Users\HP\Downloads\crud-basic-ci4-master\vendor\codeigniter4\framework\system\Database\MySQLi\Connection.php(330): mysqli->query('INSERT INTO `bu...')
#1 C:\Users\HP\Downloads\crud-basic-ci4-master\vendor\codeigniter4\framework\system\Database\BaseConnection.php(738): CodeIgniter\Database\MySQLi\Connection->execute('INSERT INTO `bu...')
#2 C:\Users\HP\Downloads\crud-basic-ci4-master\vendor\codeigniter4\framework\system\Database\BaseConnection.php(666): CodeIgniter\Database\BaseConnection->simpleQuery('INSERT INTO `bu...')
#3 C:\Users\HP\Downloads\crud-basic-ci4-master\vendor\codeigniter4\framework\system\Database\BaseBuilder.php(2206): CodeIgniter\Database\BaseConnection->query('INSERT INTO `bu...', Array, false)
#4 C:\Users\HP\Downloads\crud-basic-ci4-master\app\Models\Buku_model.php(21): CodeIgniter\Database\BaseBuilder->insert(Array)
#5 C:\Users\HP\Downloads\crud-basic-ci4-master\app\Controllers\Buku.php(36): App\Models\Buku_model->saveBuku(Array)
#6 C:\Users\HP\Downloads\crud-basic-ci4-master\vendor\codeigniter4\framework\system\CodeIgniter.php(910): App\Controllers\Buku->add()
#7 C:\Users\HP\Downloads\crud-basic-ci4-master\vendor\codeigniter4\framework\system\CodeIgniter.php(398): CodeIgniter\CodeIgniter->runController(Object(App\Controllers\Buku))
#8 C:\Users\HP\Downloads\crud-basic-ci4-master\vendor\codeigniter4\framework\system\CodeIgniter.php(306): CodeIgniter\CodeIgniter->handleRequest(NULL, Object(Config\Cache), false)
#9 C:\Users\HP\Downloads\crud-basic-ci4-master\public\index.php(45): CodeIgniter\CodeIgniter->run()
#10 C:\Users\HP\Downloads\crud-basic-ci4-master\vendor\codeigniter4\framework\system\Commands\Server\rewrite.php(34): require_once('C:\\Users\\HP\\Dow...')
#11 {main}
CRITICAL - 2022-10-29 09:05:29 --> Undefined index: jenis
#0 C:\Users\HP\Downloads\crud-basic-ci4-master\app\Views\Buku_view.php(25): CodeIgniter\Debug\Exceptions->errorHandler(8, 'Undefined index...', 'C:\\Users\\HP\\Dow...', 25, Array)
#1 C:\Users\HP\Downloads\crud-basic-ci4-master\vendor\codeigniter4\framework\system\View\View.php(236): include('C:\\Users\\HP\\Dow...')
#2 C:\Users\HP\Downloads\crud-basic-ci4-master\vendor\codeigniter4\framework\system\Common.php(1071): CodeIgniter\View\View->render('Buku_view', Array, true)
#3 C:\Users\HP\Downloads\crud-basic-ci4-master\app\Controllers\Buku.php(14): view('Buku_view', Array)
#4 C:\Users\HP\Downloads\crud-basic-ci4-master\vendor\codeigniter4\framework\system\CodeIgniter.php(910): App\Controllers\Buku->index()
#5 C:\Users\HP\Downloads\crud-basic-ci4-master\vendor\codeigniter4\framework\system\CodeIgniter.php(398): CodeIgniter\CodeIgniter->runController(Object(App\Controllers\Buku))
#6 C:\Users\HP\Downloads\crud-basic-ci4-master\vendor\codeigniter4\framework\system\CodeIgniter.php(306): CodeIgniter\CodeIgniter->handleRequest(NULL, Object(Config\Cache), false)
#7 C:\Users\HP\Downloads\crud-basic-ci4-master\public\index.php(45): CodeIgniter\CodeIgniter->run()
#8 C:\Users\HP\Downloads\crud-basic-ci4-master\vendor\codeigniter4\framework\system\Commands\Server\rewrite.php(34): require_once('C:\\Users\\HP\\Dow...')
#9 {main}
CRITICAL - 2022-10-29 09:05:56 --> Undefined index: id_barang
#0 C:\Users\HP\Downloads\crud-basic-ci4-master\app\Views\Buku_view.php(29): CodeIgniter\Debug\Exceptions->errorHandler(8, 'Undefined index...', 'C:\\Users\\HP\\Dow...', 29, Array)
#1 C:\Users\HP\Downloads\crud-basic-ci4-master\vendor\codeigniter4\framework\system\View\View.php(236): include('C:\\Users\\HP\\Dow...')
#2 C:\Users\HP\Downloads\crud-basic-ci4-master\vendor\codeigniter4\framework\system\Common.php(1071): CodeIgniter\View\View->render('Buku_view', Array, true)
#3 C:\Users\HP\Downloads\crud-basic-ci4-master\app\Controllers\Buku.php(14): view('Buku_view', Array)
#4 C:\Users\HP\Downloads\crud-basic-ci4-master\vendor\codeigniter4\framework\system\CodeIgniter.php(910): App\Controllers\Buku->index()
#5 C:\Users\HP\Downloads\crud-basic-ci4-master\vendor\codeigniter4\framework\system\CodeIgniter.php(398): CodeIgniter\CodeIgniter->runController(Object(App\Controllers\Buku))
#6 C:\Users\HP\Downloads\crud-basic-ci4-master\vendor\codeigniter4\framework\system\CodeIgniter.php(306): CodeIgniter\CodeIgniter->handleRequest(NULL, Object(Config\Cache), false)
#7 C:\Users\HP\Downloads\crud-basic-ci4-master\public\index.php(45): CodeIgniter\CodeIgniter->run()
#8 C:\Users\HP\Downloads\crud-basic-ci4-master\vendor\codeigniter4\framework\system\Commands\Server\rewrite.php(34): require_once('C:\\Users\\HP\\Dow...')
#9 {main}
CRITICAL - 2022-10-29 09:06:45 --> Undefined property: stdClass::$nama_Buku
#0 C:\Users\HP\Downloads\crud-basic-ci4-master\app\Controllers\Buku.php(50): CodeIgniter\Debug\Exceptions->errorHandler(8, 'Undefined prope...', 'C:\\Users\\HP\\Dow...', 50, Array)
#1 C:\Users\HP\Downloads\crud-basic-ci4-master\vendor\codeigniter4\framework\system\CodeIgniter.php(910): App\Controllers\Buku->edit('0')
#2 C:\Users\HP\Downloads\crud-basic-ci4-master\vendor\codeigniter4\framework\system\CodeIgniter.php(398): CodeIgniter\CodeIgniter->runController(Object(App\Controllers\Buku))
#3 C:\Users\HP\Downloads\crud-basic-ci4-master\vendor\codeigniter4\framework\system\CodeIgniter.php(306): CodeIgniter\CodeIgniter->handleRequest(NULL, Object(Config\Cache), false)
#4 C:\Users\HP\Downloads\crud-basic-ci4-master\public\index.php(45): CodeIgniter\CodeIgniter->run()
#5 C:\Users\HP\Downloads\crud-basic-ci4-master\vendor\codeigniter4\framework\system\Commands\Server\rewrite.php(34): require_once('C:\\Users\\HP\\Dow...')
#6 {main}
CRITICAL - 2022-10-29 09:15:53 --> Undefined variable: barang
#0 C:\Users\HP\Downloads\crud-basic-ci4-master\app\Views\edit_view.php(5): CodeIgniter\Debug\Exceptions->errorHandler(8, 'Undefined varia...', 'C:\\Users\\HP\\Dow...', 5, Array)
#1 C:\Users\HP\Downloads\crud-basic-ci4-master\vendor\codeigniter4\framework\system\View\View.php(236): include('C:\\Users\\HP\\Dow...')
#2 C:\Users\HP\Downloads\crud-basic-ci4-master\vendor\codeigniter4\framework\system\Common.php(1071): CodeIgniter\View\View->render('edit_view', Array, true)
#3 C:\Users\HP\Downloads\crud-basic-ci4-master\app\Controllers\Buku.php(53): view('edit_view', Array)
#4 C:\Users\HP\Downloads\crud-basic-ci4-master\vendor\codeigniter4\framework\system\CodeIgniter.php(910): App\Controllers\Buku->edit('0')
#5 C:\Users\HP\Downloads\crud-basic-ci4-master\vendor\codeigniter4\framework\system\CodeIgniter.php(398): CodeIgniter\CodeIgniter->runController(Object(App\Controllers\Buku))
#6 C:\Users\HP\Downloads\crud-basic-ci4-master\vendor\codeigniter4\framework\system\CodeIgniter.php(306): CodeIgniter\CodeIgniter->handleRequest(NULL, Object(Config\Cache), false)
#7 C:\Users\HP\Downloads\crud-basic-ci4-master\public\index.php(45): CodeIgniter\CodeIgniter->run()
#8 C:\Users\HP\Downloads\crud-basic-ci4-master\vendor\codeigniter4\framework\system\Commands\Server\rewrite.php(34): require_once('C:\\Users\\HP\\Dow...')
#9 {main}
CRITICAL - 2022-10-29 09:20:02 --> Undefined variable: buku
#0 C:\Users\HP\Downloads\crud-basic-ci4-master\app\Views\edit_view.php(5): CodeIgniter\Debug\Exceptions->errorHandler(8, 'Undefined varia...', 'C:\\Users\\HP\\Dow...', 5, Array)
#1 C:\Users\HP\Downloads\crud-basic-ci4-master\vendor\codeigniter4\framework\system\View\View.php(236): include('C:\\Users\\HP\\Dow...')
#2 C:\Users\HP\Downloads\crud-basic-ci4-master\vendor\codeigniter4\framework\system\Common.php(1071): CodeIgniter\View\View->render('edit_view', Array, true)
#3 C:\Users\HP\Downloads\crud-basic-ci4-master\app\Controllers\Buku.php(53): view('edit_view', Array)
#4 C:\Users\HP\Downloads\crud-basic-ci4-master\vendor\codeigniter4\framework\system\CodeIgniter.php(910): App\Controllers\Buku->edit('0')
#5 C:\Users\HP\Downloads\crud-basic-ci4-master\vendor\codeigniter4\framework\system\CodeIgniter.php(398): CodeIgniter\CodeIgniter->runController(Object(App\Controllers\Buku))
#6 C:\Users\HP\Downloads\crud-basic-ci4-master\vendor\codeigniter4\framework\system\CodeIgniter.php(306): CodeIgniter\CodeIgniter->handleRequest(NULL, Object(Config\Cache), false)
#7 C:\Users\HP\Downloads\crud-basic-ci4-master\public\index.php(45): CodeIgniter\CodeIgniter->run()
#8 C:\Users\HP\Downloads\crud-basic-ci4-master\vendor\codeigniter4\framework\system\Commands\Server\rewrite.php(34): require_once('C:\\Users\\HP\\Dow...')
#9 {main}
CRITICAL - 2022-10-29 09:20:27 --> Undefined variable: buku
#0 C:\Users\HP\Downloads\crud-basic-ci4-master\app\Views\edit_view.php(5): CodeIgniter\Debug\Exceptions->errorHandler(8, 'Undefined varia...', 'C:\\Users\\HP\\Dow...', 5, Array)
#1 C:\Users\HP\Downloads\crud-basic-ci4-master\vendor\codeigniter4\framework\system\View\View.php(236): include('C:\\Users\\HP\\Dow...')
#2 C:\Users\HP\Downloads\crud-basic-ci4-master\vendor\codeigniter4\framework\system\Common.php(1071): CodeIgniter\View\View->render('edit_view', Array, true)
#3 C:\Users\HP\Downloads\crud-basic-ci4-master\app\Controllers\Buku.php(53): view('edit_view', Array)
#4 C:\Users\HP\Downloads\crud-basic-ci4-master\vendor\codeigniter4\framework\system\CodeIgniter.php(910): App\Controllers\Buku->edit('0')
#5 C:\Users\HP\Downloads\crud-basic-ci4-master\vendor\codeigniter4\framework\system\CodeIgniter.php(398): CodeIgniter\CodeIgniter->runController(Object(App\Controllers\Buku))
#6 C:\Users\HP\Downloads\crud-basic-ci4-master\vendor\codeigniter4\framework\system\CodeIgniter.php(306): CodeIgniter\CodeIgniter->handleRequest(NULL, Object(Config\Cache), false)
#7 C:\Users\HP\Downloads\crud-basic-ci4-master\public\index.php(45): CodeIgniter\CodeIgniter->run()
#8 C:\Users\HP\Downloads\crud-basic-ci4-master\vendor\codeigniter4\framework\system\Commands\Server\rewrite.php(34): require_once('C:\\Users\\HP\\Dow...')
#9 {main}
CRITICAL - 2022-10-29 09:21:16 --> Undefined variable: buku
#0 C:\Users\HP\Downloads\crud-basic-ci4-master\app\Views\edit_view.php(11): CodeIgniter\Debug\Exceptions->errorHandler(8, 'Undefined varia...', 'C:\\Users\\HP\\Dow...', 11, Array)
#1 C:\Users\HP\Downloads\crud-basic-ci4-master\vendor\codeigniter4\framework\system\View\View.php(236): include('C:\\Users\\HP\\Dow...')
#2 C:\Users\HP\Downloads\crud-basic-ci4-master\vendor\codeigniter4\framework\system\Common.php(1071): CodeIgniter\View\View->render('edit_view', Array, true)
#3 C:\Users\HP\Downloads\crud-basic-ci4-master\app\Controllers\Buku.php(53): view('edit_view', Array)
#4 C:\Users\HP\Downloads\crud-basic-ci4-master\vendor\codeigniter4\framework\system\CodeIgniter.php(910): App\Controllers\Buku->edit('0')
#5 C:\Users\HP\Downloads\crud-basic-ci4-master\vendor\codeigniter4\framework\system\CodeIgniter.php(398): CodeIgniter\CodeIgniter->runController(Object(App\Controllers\Buku))
#6 C:\Users\HP\Downloads\crud-basic-ci4-master\vendor\codeigniter4\framework\system\CodeIgniter.php(306): CodeIgniter\CodeIgniter->handleRequest(NULL, Object(Config\Cache), false)
#7 C:\Users\HP\Downloads\crud-basic-ci4-master\public\index.php(45): CodeIgniter\CodeIgniter->run()
#8 C:\Users\HP\Downloads\crud-basic-ci4-master\vendor\codeigniter4\framework\system\Commands\Server\rewrite.php(34): require_once('C:\\Users\\HP\\Dow...')
#9 {main}
CRITICAL - 2022-10-29 09:21:52 --> Undefined variable: buku
#0 C:\Users\HP\Downloads\crud-basic-ci4-master\app\Views\edit_view.php(25): CodeIgniter\Debug\Exceptions->errorHandler(8, 'Undefined varia...', 'C:\\Users\\HP\\Dow...', 25, Array)
#1 C:\Users\HP\Downloads\crud-basic-ci4-master\vendor\codeigniter4\framework\system\View\View.php(236): include('C:\\Users\\HP\\Dow...')
#2 C:\Users\HP\Downloads\crud-basic-ci4-master\vendor\codeigniter4\framework\system\Common.php(1071): CodeIgniter\View\View->render('edit_view', Array, true)
#3 C:\Users\HP\Downloads\crud-basic-ci4-master\app\Controllers\Buku.php(53): view('edit_view', Array)
#4 C:\Users\HP\Downloads\crud-basic-ci4-master\vendor\codeigniter4\framework\system\CodeIgniter.php(910): App\Controllers\Buku->edit('0')
#5 C:\Users\HP\Downloads\crud-basic-ci4-master\vendor\codeigniter4\framework\system\CodeIgniter.php(398): CodeIgniter\CodeIgniter->runController(Object(App\Controllers\Buku))
#6 C:\Users\HP\Downloads\crud-basic-ci4-master\vendor\codeigniter4\framework\system\CodeIgniter.php(306): CodeIgniter\CodeIgniter->handleRequest(NULL, Object(Config\Cache), false)
#7 C:\Users\HP\Downloads\crud-basic-ci4-master\public\index.php(45): CodeIgniter\CodeIgniter->run()
#8 C:\Users\HP\Downloads\crud-basic-ci4-master\vendor\codeigniter4\framework\system\Commands\Server\rewrite.php(34): require_once('C:\\Users\\HP\\Dow...')
#9 {main}
CRITICAL - 2022-10-29 09:22:18 --> syntax error, unexpected '->' (T_OBJECT_OPERATOR), expecting ';' or ','
#0 C:\Users\HP\Downloads\crud-basic-ci4-master\vendor\codeigniter4\framework\system\Common.php(1071): CodeIgniter\View\View->render('edit_view', Array, true)
#1 C:\Users\HP\Downloads\crud-basic-ci4-master\app\Controllers\Buku.php(53): view('edit_view', Array)
#2 C:\Users\HP\Downloads\crud-basic-ci4-master\vendor\codeigniter4\framework\system\CodeIgniter.php(910): App\Controllers\Buku->edit('0')
#3 C:\Users\HP\Downloads\crud-basic-ci4-master\vendor\codeigniter4\framework\system\CodeIgniter.php(398): CodeIgniter\CodeIgniter->runController(Object(App\Controllers\Buku))
#4 C:\Users\HP\Downloads\crud-basic-ci4-master\vendor\codeigniter4\framework\system\CodeIgniter.php(306): CodeIgniter\CodeIgniter->handleRequest(NULL, Object(Config\Cache), false)
#5 C:\Users\HP\Downloads\crud-basic-ci4-master\public\index.php(45): CodeIgniter\CodeIgniter->run()
#6 C:\Users\HP\Downloads\crud-basic-ci4-master\vendor\codeigniter4\framework\system\Commands\Server\rewrite.php(34): require_once('C:\\Users\\HP\\Dow...')
#7 {main}
CRITICAL - 2022-10-29 09:56:13 --> Class 'App\Controllers\BerkasModel' not found
#0 C:\Users\HP\Downloads\crud-basic-ci4-master\vendor\codeigniter4\framework\system\CodeIgniter.php(910): App\Controllers\Berkas->save()
#1 C:\Users\HP\Downloads\crud-basic-ci4-master\vendor\codeigniter4\framework\system\CodeIgniter.php(398): CodeIgniter\CodeIgniter->runController(Object(App\Controllers\Berkas))
#2 C:\Users\HP\Downloads\crud-basic-ci4-master\vendor\codeigniter4\framework\system\CodeIgniter.php(306): CodeIgniter\CodeIgniter->handleRequest(NULL, Object(Config\Cache), false)
#3 C:\Users\HP\Downloads\crud-basic-ci4-master\public\index.php(45): CodeIgniter\CodeIgniter->run()
#4 C:\Users\HP\Downloads\crud-basic-ci4-master\vendor\codeigniter4\framework\system\Commands\Server\rewrite.php(34): require_once('C:\\Users\\HP\\Dow...')
#5 {main}
CRITICAL - 2022-10-29 09:57:05 --> Allowed fields must be specified for model: App\Models\Buku_model
#0 C:\Users\HP\Downloads\crud-basic-ci4-master\vendor\codeigniter4\framework\system\Model.php(1218): CodeIgniter\Database\Exceptions\DataException::forInvalidAllowedFields('App\\Models\\Buku...')
#1 C:\Users\HP\Downloads\crud-basic-ci4-master\vendor\codeigniter4\framework\system\Model.php(702): CodeIgniter\Model->doProtectFields(Array)
#2 C:\Users\HP\Downloads\crud-basic-ci4-master\app\Controllers\Berkas.php(27): CodeIgniter\Model->insert(Array)
#3 C:\Users\HP\Downloads\crud-basic-ci4-master\vendor\codeigniter4\framework\system\CodeIgniter.php(910): App\Controllers\Berkas->save()
#4 C:\Users\HP\Downloads\crud-basic-ci4-master\vendor\codeigniter4\framework\system\CodeIgniter.php(398): CodeIgniter\CodeIgniter->runController(Object(App\Controllers\Berkas))
#5 C:\Users\HP\Downloads\crud-basic-ci4-master\vendor\codeigniter4\framework\system\CodeIgniter.php(306): CodeIgniter\CodeIgniter->handleRequest(NULL, Object(Config\Cache), false)
#6 C:\Users\HP\Downloads\crud-basic-ci4-master\public\index.php(45): CodeIgniter\CodeIgniter->run()
#7 C:\Users\HP\Downloads\crud-basic-ci4-master\vendor\codeigniter4\framework\system\Commands\Server\rewrite.php(34): require_once('C:\\Users\\HP\\Dow...')
#8 {main}
