CRITICAL - 2022-10-30 08:16:02 --> Undefined index: id_Penulis
#0 C:\Users\HP\Downloads\crud-basic-ci4-master\app\Views\Penulis\Penulis_view.php(31): CodeIgniter\Debug\Exceptions->errorHandler(8, 'Undefined index...', 'C:\\Users\\HP\\Dow...', 31, Array)
#1 C:\Users\HP\Downloads\crud-basic-ci4-master\vendor\codeigniter4\framework\system\View\View.php(236): include('C:\\Users\\HP\\Dow...')
#2 C:\Users\HP\Downloads\crud-basic-ci4-master\vendor\codeigniter4\framework\system\Common.php(1071): CodeIgniter\View\View->render('Penulis/Penulis...', Array, true)
#3 C:\Users\HP\Downloads\crud-basic-ci4-master\app\Controllers\Penulis.php(14): view('Penulis/Penulis...', Array)
#4 C:\Users\HP\Downloads\crud-basic-ci4-master\vendor\codeigniter4\framework\system\CodeIgniter.php(910): App\Controllers\Penulis->index()
#5 C:\Users\HP\Downloads\crud-basic-ci4-master\vendor\codeigniter4\framework\system\CodeIgniter.php(398): CodeIgniter\CodeIgniter->runController(Object(App\Controllers\Penulis))
#6 C:\Users\HP\Downloads\crud-basic-ci4-master\vendor\codeigniter4\framework\system\CodeIgniter.php(306): CodeIgniter\CodeIgniter->handleRequest(NULL, Object(Config\Cache), false)
#7 C:\Users\HP\Downloads\crud-basic-ci4-master\public\index.php(45): CodeIgniter\CodeIgniter->run()
#8 C:\Users\HP\Downloads\crud-basic-ci4-master\vendor\codeigniter4\framework\system\Commands\Server\rewrite.php(34): require_once('C:\\Users\\HP\\Dow...')
#9 {main}
CRITICAL - 2022-10-30 08:23:00 --> Too few arguments to function App\Controllers\Penulis::edit(), 0 passed in C:\Users\HP\Downloads\crud-basic-ci4-master\vendor\codeigniter4\framework\system\CodeIgniter.php on line 910 and exactly 1 expected
#0 C:\Users\HP\Downloads\crud-basic-ci4-master\vendor\codeigniter4\framework\system\CodeIgniter.php(910): App\Controllers\Penulis->edit()
#1 C:\Users\HP\Downloads\crud-basic-ci4-master\vendor\codeigniter4\framework\system\CodeIgniter.php(398): CodeIgniter\CodeIgniter->runController(Object(App\Controllers\Penulis))
#2 C:\Users\HP\Downloads\crud-basic-ci4-master\vendor\codeigniter4\framework\system\CodeIgniter.php(306): CodeIgniter\CodeIgniter->handleRequest(NULL, Object(Config\Cache), false)
#3 C:\Users\HP\Downloads\crud-basic-ci4-master\public\index.php(45): CodeIgniter\CodeIgniter->run()
#4 C:\Users\HP\Downloads\crud-basic-ci4-master\vendor\codeigniter4\framework\system\Commands\Server\rewrite.php(34): require_once('C:\\Users\\HP\\Dow...')
#5 {main}
CRITICAL - 2022-10-30 08:26:23 --> Too few arguments to function App\Controllers\Penulis::edit(), 0 passed in C:\Users\HP\Downloads\crud-basic-ci4-master\vendor\codeigniter4\framework\system\CodeIgniter.php on line 910 and exactly 1 expected
#0 C:\Users\HP\Downloads\crud-basic-ci4-master\vendor\codeigniter4\framework\system\CodeIgniter.php(910): App\Controllers\Penulis->edit()
#1 C:\Users\HP\Downloads\crud-basic-ci4-master\vendor\codeigniter4\framework\system\CodeIgniter.php(398): CodeIgniter\CodeIgniter->runController(Object(App\Controllers\Penulis))
#2 C:\Users\HP\Downloads\crud-basic-ci4-master\vendor\codeigniter4\framework\system\CodeIgniter.php(306): CodeIgniter\CodeIgniter->handleRequest(NULL, Object(Config\Cache), false)
#3 C:\Users\HP\Downloads\crud-basic-ci4-master\public\index.php(45): CodeIgniter\CodeIgniter->run()
#4 C:\Users\HP\Downloads\crud-basic-ci4-master\vendor\codeigniter4\framework\system\Commands\Server\rewrite.php(34): require_once('C:\\Users\\HP\\Dow...')
#5 {main}
CRITICAL - 2022-10-30 08:27:08 --> Too few arguments to function App\Controllers\Penulis::hapus(), 0 passed in C:\Users\HP\Downloads\crud-basic-ci4-master\vendor\codeigniter4\framework\system\CodeIgniter.php on line 910 and exactly 1 expected
#0 C:\Users\HP\Downloads\crud-basic-ci4-master\vendor\codeigniter4\framework\system\CodeIgniter.php(910): App\Controllers\Penulis->hapus()
#1 C:\Users\HP\Downloads\crud-basic-ci4-master\vendor\codeigniter4\framework\system\CodeIgniter.php(398): CodeIgniter\CodeIgniter->runController(Object(App\Controllers\Penulis))
#2 C:\Users\HP\Downloads\crud-basic-ci4-master\vendor\codeigniter4\framework\system\CodeIgniter.php(306): CodeIgniter\CodeIgniter->handleRequest(NULL, Object(Config\Cache), false)
#3 C:\Users\HP\Downloads\crud-basic-ci4-master\public\index.php(45): CodeIgniter\CodeIgniter->run()
#4 C:\Users\HP\Downloads\crud-basic-ci4-master\vendor\codeigniter4\framework\system\Commands\Server\rewrite.php(34): require_once('C:\\Users\\HP\\Dow...')
#5 {main}
CRITICAL - 2022-10-30 08:52:10 --> Undefined variable: username
#0 C:\Users\HP\Downloads\crud-basic-ci4-master\app\Models\Login_model.php(9): CodeIgniter\Debug\Exceptions->errorHandler(8, 'Undefined varia...', 'C:\\Users\\HP\\Dow...', 9, Array)
#1 C:\Users\HP\Downloads\crud-basic-ci4-master\app\Controllers\Login.php(21): App\Models\Login_model->get_data('DarkSide', 'bbbbbb')
#2 C:\Users\HP\Downloads\crud-basic-ci4-master\vendor\codeigniter4\framework\system\CodeIgniter.php(910): App\Controllers\Login->login_action()
#3 C:\Users\HP\Downloads\crud-basic-ci4-master\vendor\codeigniter4\framework\system\CodeIgniter.php(398): CodeIgniter\CodeIgniter->runController(Object(App\Controllers\Login))
#4 C:\Users\HP\Downloads\crud-basic-ci4-master\vendor\codeigniter4\framework\system\CodeIgniter.php(306): CodeIgniter\CodeIgniter->handleRequest(NULL, Object(Config\Cache), false)
#5 C:\Users\HP\Downloads\crud-basic-ci4-master\public\index.php(45): CodeIgniter\CodeIgniter->run()
#6 C:\Users\HP\Downloads\crud-basic-ci4-master\vendor\codeigniter4\framework\system\Commands\Server\rewrite.php(34): require_once('C:\\Users\\HP\\Dow...')
#7 {main}
CRITICAL - 2022-10-30 08:52:55 --> Trying to access array offset on value of type null
#0 C:\Users\HP\Downloads\crud-basic-ci4-master\app\Controllers\Login.php(23): CodeIgniter\Debug\Exceptions->errorHandler(8, 'Trying to acces...', 'C:\\Users\\HP\\Dow...', 23, Array)
#1 C:\Users\HP\Downloads\crud-basic-ci4-master\vendor\codeigniter4\framework\system\CodeIgniter.php(910): App\Controllers\Login->login_action()
#2 C:\Users\HP\Downloads\crud-basic-ci4-master\vendor\codeigniter4\framework\system\CodeIgniter.php(398): CodeIgniter\CodeIgniter->runController(Object(App\Controllers\Login))
#3 C:\Users\HP\Downloads\crud-basic-ci4-master\vendor\codeigniter4\framework\system\CodeIgniter.php(306): CodeIgniter\CodeIgniter->handleRequest(NULL, Object(Config\Cache), false)
#4 C:\Users\HP\Downloads\crud-basic-ci4-master\public\index.php(45): CodeIgniter\CodeIgniter->run()
#5 C:\Users\HP\Downloads\crud-basic-ci4-master\vendor\codeigniter4\framework\system\Commands\Server\rewrite.php(34): require_once('C:\\Users\\HP\\Dow...')
#6 {main}
CRITICAL - 2022-10-30 08:54:36 --> Undefined index: id_user
#0 C:\Users\HP\Downloads\crud-basic-ci4-master\app\Controllers\Login.php(27): CodeIgniter\Debug\Exceptions->errorHandler(8, 'Undefined index...', 'C:\\Users\\HP\\Dow...', 27, Array)
#1 C:\Users\HP\Downloads\crud-basic-ci4-master\vendor\codeigniter4\framework\system\CodeIgniter.php(910): App\Controllers\Login->login_action()
#2 C:\Users\HP\Downloads\crud-basic-ci4-master\vendor\codeigniter4\framework\system\CodeIgniter.php(398): CodeIgniter\CodeIgniter->runController(Object(App\Controllers\Login))
#3 C:\Users\HP\Downloads\crud-basic-ci4-master\vendor\codeigniter4\framework\system\CodeIgniter.php(306): CodeIgniter\CodeIgniter->handleRequest(NULL, Object(Config\Cache), false)
#4 C:\Users\HP\Downloads\crud-basic-ci4-master\public\index.php(45): CodeIgniter\CodeIgniter->run()
#5 C:\Users\HP\Downloads\crud-basic-ci4-master\vendor\codeigniter4\framework\system\Commands\Server\rewrite.php(34): require_once('C:\\Users\\HP\\Dow...')
#6 {main}
CRITICAL - 2022-10-30 09:14:39 --> Invalid file: login.php
#0 C:\Users\HP\Downloads\crud-basic-ci4-master\vendor\codeigniter4\framework\system\View\View.php(224): CodeIgniter\Exceptions\FrameworkException::forInvalidFile('login.php')
#1 C:\Users\HP\Downloads\crud-basic-ci4-master\vendor\codeigniter4\framework\system\Common.php(1071): CodeIgniter\View\View->render('login', Array, true)
#2 C:\Users\HP\Downloads\crud-basic-ci4-master\app\Controllers\Login.php(56): view('login')
#3 C:\Users\HP\Downloads\crud-basic-ci4-master\vendor\codeigniter4\framework\system\CodeIgniter.php(910): App\Controllers\Login->add()
#4 C:\Users\HP\Downloads\crud-basic-ci4-master\vendor\codeigniter4\framework\system\CodeIgniter.php(398): CodeIgniter\CodeIgniter->runController(Object(App\Controllers\Login))
#5 C:\Users\HP\Downloads\crud-basic-ci4-master\vendor\codeigniter4\framework\system\CodeIgniter.php(306): CodeIgniter\CodeIgniter->handleRequest(NULL, Object(Config\Cache), false)
#6 C:\Users\HP\Downloads\crud-basic-ci4-master\public\index.php(45): CodeIgniter\CodeIgniter->run()
#7 C:\Users\HP\Downloads\crud-basic-ci4-master\vendor\codeigniter4\framework\system\Commands\Server\rewrite.php(34): require_once('C:\\Users\\HP\\Dow...')
#8 {main}
CRITICAL - 2022-10-30 09:15:11 --> Invalid file: Login.php
#0 C:\Users\HP\Downloads\crud-basic-ci4-master\vendor\codeigniter4\framework\system\View\View.php(224): CodeIgniter\Exceptions\FrameworkException::forInvalidFile('Login.php')
#1 C:\Users\HP\Downloads\crud-basic-ci4-master\vendor\codeigniter4\framework\system\Common.php(1071): CodeIgniter\View\View->render('Login', Array, true)
#2 C:\Users\HP\Downloads\crud-basic-ci4-master\app\Controllers\Login.php(56): view('Login')
#3 C:\Users\HP\Downloads\crud-basic-ci4-master\vendor\codeigniter4\framework\system\CodeIgniter.php(910): App\Controllers\Login->add()
#4 C:\Users\HP\Downloads\crud-basic-ci4-master\vendor\codeigniter4\framework\system\CodeIgniter.php(398): CodeIgniter\CodeIgniter->runController(Object(App\Controllers\Login))
#5 C:\Users\HP\Downloads\crud-basic-ci4-master\vendor\codeigniter4\framework\system\CodeIgniter.php(306): CodeIgniter\CodeIgniter->handleRequest(NULL, Object(Config\Cache), false)
#6 C:\Users\HP\Downloads\crud-basic-ci4-master\public\index.php(45): CodeIgniter\CodeIgniter->run()
#7 C:\Users\HP\Downloads\crud-basic-ci4-master\vendor\codeigniter4\framework\system\Commands\Server\rewrite.php(34): require_once('C:\\Users\\HP\\Dow...')
#8 {main}
CRITICAL - 2022-10-30 09:15:58 --> Invalid file: Login.php
#0 C:\Users\HP\Downloads\crud-basic-ci4-master\vendor\codeigniter4\framework\system\View\View.php(224): CodeIgniter\Exceptions\FrameworkException::forInvalidFile('Login.php')
#1 C:\Users\HP\Downloads\crud-basic-ci4-master\vendor\codeigniter4\framework\system\Common.php(1071): CodeIgniter\View\View->render('Login', Array, true)
#2 C:\Users\HP\Downloads\crud-basic-ci4-master\app\Controllers\Login.php(56): view('Login')
#3 C:\Users\HP\Downloads\crud-basic-ci4-master\vendor\codeigniter4\framework\system\CodeIgniter.php(910): App\Controllers\Login->add()
#4 C:\Users\HP\Downloads\crud-basic-ci4-master\vendor\codeigniter4\framework\system\CodeIgniter.php(398): CodeIgniter\CodeIgniter->runController(Object(App\Controllers\Login))
#5 C:\Users\HP\Downloads\crud-basic-ci4-master\vendor\codeigniter4\framework\system\CodeIgniter.php(306): CodeIgniter\CodeIgniter->handleRequest(NULL, Object(Config\Cache), false)
#6 C:\Users\HP\Downloads\crud-basic-ci4-master\public\index.php(45): CodeIgniter\CodeIgniter->run()
#7 C:\Users\HP\Downloads\crud-basic-ci4-master\vendor\codeigniter4\framework\system\Commands\Server\rewrite.php(34): require_once('C:\\Users\\HP\\Dow...')
#8 {main}
CRITICAL - 2022-10-30 09:16:21 --> Invalid file: Login.php
#0 C:\Users\HP\Downloads\crud-basic-ci4-master\vendor\codeigniter4\framework\system\View\View.php(224): CodeIgniter\Exceptions\FrameworkException::forInvalidFile('Login.php')
#1 C:\Users\HP\Downloads\crud-basic-ci4-master\vendor\codeigniter4\framework\system\Common.php(1071): CodeIgniter\View\View->render('Login', Array, true)
#2 C:\Users\HP\Downloads\crud-basic-ci4-master\app\Controllers\Login.php(56): view('Login')
#3 C:\Users\HP\Downloads\crud-basic-ci4-master\vendor\codeigniter4\framework\system\CodeIgniter.php(910): App\Controllers\Login->add()
#4 C:\Users\HP\Downloads\crud-basic-ci4-master\vendor\codeigniter4\framework\system\CodeIgniter.php(398): CodeIgniter\CodeIgniter->runController(Object(App\Controllers\Login))
#5 C:\Users\HP\Downloads\crud-basic-ci4-master\vendor\codeigniter4\framework\system\CodeIgniter.php(306): CodeIgniter\CodeIgniter->handleRequest(NULL, Object(Config\Cache), false)
#6 C:\Users\HP\Downloads\crud-basic-ci4-master\public\index.php(45): CodeIgniter\CodeIgniter->run()
#7 C:\Users\HP\Downloads\crud-basic-ci4-master\vendor\codeigniter4\framework\system\Commands\Server\rewrite.php(34): require_once('C:\\Users\\HP\\Dow...')
#8 {main}
CRITICAL - 2022-10-30 09:16:59 --> Trying to access array offset on value of type null
#0 C:\Users\HP\Downloads\crud-basic-ci4-master\app\Controllers\Login.php(23): CodeIgniter\Debug\Exceptions->errorHandler(8, 'Trying to acces...', 'C:\\Users\\HP\\Dow...', 23, Array)
#1 C:\Users\HP\Downloads\crud-basic-ci4-master\vendor\codeigniter4\framework\system\CodeIgniter.php(910): App\Controllers\Login->login_action()
#2 C:\Users\HP\Downloads\crud-basic-ci4-master\vendor\codeigniter4\framework\system\CodeIgniter.php(398): CodeIgniter\CodeIgniter->runController(Object(App\Controllers\Login))
#3 C:\Users\HP\Downloads\crud-basic-ci4-master\vendor\codeigniter4\framework\system\CodeIgniter.php(306): CodeIgniter\CodeIgniter->handleRequest(NULL, Object(Config\Cache), false)
#4 C:\Users\HP\Downloads\crud-basic-ci4-master\public\index.php(45): CodeIgniter\CodeIgniter->run()
#5 C:\Users\HP\Downloads\crud-basic-ci4-master\vendor\codeigniter4\framework\system\Commands\Server\rewrite.php(34): require_once('C:\\Users\\HP\\Dow...')
#6 {main}
CRITICAL - 2022-10-30 09:19:04 --> Trying to access array offset on value of type null
#0 C:\Users\HP\Downloads\crud-basic-ci4-master\app\Controllers\Login.php(23): CodeIgniter\Debug\Exceptions->errorHandler(8, 'Trying to acces...', 'C:\\Users\\HP\\Dow...', 23, Array)
#1 C:\Users\HP\Downloads\crud-basic-ci4-master\vendor\codeigniter4\framework\system\CodeIgniter.php(910): App\Controllers\Login->login_action()
#2 C:\Users\HP\Downloads\crud-basic-ci4-master\vendor\codeigniter4\framework\system\CodeIgniter.php(398): CodeIgniter\CodeIgniter->runController(Object(App\Controllers\Login))
#3 C:\Users\HP\Downloads\crud-basic-ci4-master\vendor\codeigniter4\framework\system\CodeIgniter.php(306): CodeIgniter\CodeIgniter->handleRequest(NULL, Object(Config\Cache), false)
#4 C:\Users\HP\Downloads\crud-basic-ci4-master\public\index.php(45): CodeIgniter\CodeIgniter->run()
#5 C:\Users\HP\Downloads\crud-basic-ci4-master\vendor\codeigniter4\framework\system\Commands\Server\rewrite.php(34): require_once('C:\\Users\\HP\\Dow...')
#6 {main}
